22 (-1, -1)
23 (-1, -1)
13 (-1, -1)
14 (-1, -1)
17 (-1, -1)
24 (-1, -1)
-1 (97, 0)
20 (-1, -1)
-1 (98, 0)
20 (-1, -1)
-1 (99, 0)
17 (-1, -1)
34 (-1, -1)
26 (-1, -1)
13 (-1, -1)
-1 (97, 0)
14 (-1, -1)
26 (-1, -1)
13 (-1, -1)
-1 (98, 0)
14 (-1, -1)
26 (-1, -1)
13 (-1, -1)
-1 (99, 0)
14 (-1, -1)
24 (-1, -1)
-1 (20, 0)
17 (-1, -1)
34 (-1, -1)
4 (-1, -1)
-1 (97, 0)
0 (-1, -1)
-1 (98, 0)
24 (-1, -1)
-1 (89, 0)
17 (-1, -1)
35 (-1, -1)
4 (-1, -1)
-1 (20, 0)
3 (-1, -1)
-1 null
28 (-1, -1)
13 (-1, -1)
-1 (99, 0)
7 (-1, -1)
-1 (89, 0)
14 (-1, -1)
17 (-1, -1)
27 (-1, -1)
13 (-1, -1)
-1 (99, 0)
14 (-1, -1)
29 (-1, -1)
17 (-1, -1)
27 (-1, -1)
13 (-1, -1)
-1 (89, 0)
14 (-1, -1)
32 (-1, -1)
32 (-1, -1)
