22 (-1, -1)
23 (-1, -1)
13 (-1, -1)
14 (-1, -1)
17 (-1, -1)
24 (-1, -1)
-1 (3, 0)
17 (-1, -1)
34 (-1, -1)
26 (-1, -1)
13 (-1, -1)
-1 (3, 0)
14 (-1, -1)
24 (-1, -1)
-1 (8, 0)
17 (-1, -1)
33 (-1, -1)
15 (-1, -1)
16 (-1, -1)
24 (-1, -1)
-1 (73, 0)
17 (-1, -1)
34 (-1, -1)
24 (-1, -1)
-1 (60, 0)
17 (-1, -1)
34 (-1, -1)
24 (-1, -1)
-1 (51, 0)
17 (-1, -1)
34 (-1, -1)
31 (-1, -1)
13 (-1, -1)
24 (-1, -1)
-1 (105, 0)
4 (-1, -1)
-1 null
18 (-1, -1)
-1 (105, 0)
6 (-1, -1)
4 (-1, -1)
-1 (3, 0)
1 (-1, -1)
-1 null
18 (-1, -1)
-1 (105, 0)
0 (-1, -1)
0 (-1, -1)
14 (-1, -1)
17 (-1, -1)
26 (-1, -1)
13 (-1, -1)
-1 (8, 0)
15 (-1, -1)
-1 (105, 0)
16 (-1, -1)
14 (-1, -1)
28 (-1, -1)
13 (-1, -1)
-1 (8, 0)
15 (-1, -1)
-1 (105, 0)
16 (-1, -1)
6 (-1, -1)
-1 null
14 (-1, -1)
17 (-1, -1)
-1 (8, 0)
15 (-1, -1)
-1 (105, 0)
16 (-1, -1)
4 (-1, -1)
1 (-1, -1)
-1 (8, 0)
15 (-1, -1)
-1 (105, 0)
16 (-1, -1)
32 (-1, -1)
24 (-1, -1)
-1 (97, 0)
17 (-1, -1)
34 (-1, -1)
17 (-1, -1)
4 (-1, -1)
-1 (8, 0)
15 (-1, -1)
-1 (105, 0)
16 (-1, -1)
24 (-1, -1)
-1 (91, 0)
17 (-1, -1)
34 (-1, -1)
4 (-1, -1)
-1 null
30 (-1, -1)
13 (-1, -1)
-1 (97, 0)
10 (-1, -1)
-1 null
14 (-1, -1)
17 (-1, -1)
-1 (91, 0)
4 (-1, -1)
-1 (91, 0)
2 (-1, -1)
-1 null
0 (-1, -1)
-1 (97, 0)
21 (-1, -1)
-1 null
-1 (97, 0)
4 (-1, -1)
-1 (97, 0)
3 (-1, -1)
-1 null
32 (-1, -1)
28 (-1, -1)
13 (-1, -1)
-1 (91, 0)
4 (-1, -1)
4 (-1, -1)
-1 (8, 0)
15 (-1, -1)
-1 (105, 0)
16 (-1, -1)
14 (-1, -1)
17 (-1, -1)
-1 (73, 0)
0 (-1, -1)
4 (-1, -1)
-1 (8, 0)
15 (-1, -1)
-1 (105, 0)
16 (-1, -1)
-1 (60, 0)
29 (-1, -1)
17 (-1, -1)
-1 (51, 0)
0 (-1, -1)
4 (-1, -1)
-1 (8, 0)
15 (-1, -1)
-1 (105, 0)
16 (-1, -1)
32 (-1, -1)
32 (-1, -1)
24 (-1, -1)
-1 (89, 0)
17 (-1, -1)
35 (-1, -1)
-1 (89, 0)
4 (-1, -1)
-1 (73, 0)
3 (-1, -1)
-1 (60, 0)
27 (-1, -1)
13 (-1, -1)
19 (-1, -1)
-1 (75, 0)
-1 (89, 0)
-1 (106, 0)
-1 (0, 0)
-1 (104, 0)
-1 (15, 0)
-1 (6, 0)
17 (-1, -1)
19 (-1, -1)
20 (-1, -1)
-1 (25, 0)
14 (-1, -1)
27 (-1, -1)
13 (-1, -1)
19 (-1, -1)
-1 (75, 0)
-1 (20, 0)
-1 (106, 0)
-1 (104, 0)
-1 (15, 0)
-1 (6, 0)
17 (-1, -1)
19 (-1, -1)
20 (-1, -1)
-1 (51, 0)
14 (-1, -1)
32 (-1, -1)
