12 (-1, -1)
1 (-1, -1)
36 (-1, -1)
37 (-1, -1)
40 (-1, -1)
2 (-1, -1)
-1 (97, 0)
40 (-1, -1)
11 (-1, -1)
2 (-1, -1)
-1 (98, 0)
40 (-1, -1)
11 (-1, -1)
2 (-1, -1)
-1 (99, 0)
40 (-1, -1)
11 (-1, -1)
0 (-1, -1)
36 (-1, -1)
-1 (97, 0)
37 (-1, -1)
0 (-1, -1)
36 (-1, -1)
-1 (98, 0)
37 (-1, -1)
0 (-1, -1)
36 (-1, -1)
-1 (99, 0)
37 (-1, -1)
2 (-1, -1)
-1 (8, 0)
40 (-1, -1)
11 (-1, -1)
-1 (8, 0)
30 (-1, -1)
-1 (97, 0)
26 (-1, -1)
-1 (98, 0)
7 (-1, -1)
36 (-1, -1)
-1 (99, 0)
32 (-1, -1)
-1 (8, 0)
37 (-1, -1)
40 (-1, -1)
6 (-1, -1)
36 (-1, -1)
-1 (99, 0)
37 (-1, -1)
8 (-1, -1)
40 (-1, -1)
6 (-1, -1)
36 (-1, -1)
-1 (8, 0)
37 (-1, -1)
13 (-1, -1)
13 (-1, -1)
