12 (-1, -1)
1 (-1, -1)
36 (-1, -1)
37 (-1, -1)
40 (-1, -1)
2 (-1, -1)
-1 (97, 0)
42 (-1, -1)
-1 (98, 0)
42 (-1, -1)
-1 (99, 0)
40 (-1, -1)
11 (-1, -1)
0 (-1, -1)
36 (-1, -1)
-1 (97, 0)
37 (-1, -1)
0 (-1, -1)
36 (-1, -1)
-1 (98, 0)
37 (-1, -1)
0 (-1, -1)
36 (-1, -1)
-1 (99, 0)
37 (-1, -1)
2 (-1, -1)
-1 (20, 0)
40 (-1, -1)
11 (-1, -1)
30 (-1, -1)
-1 (97, 0)
26 (-1, -1)
-1 (98, 0)
2 (-1, -1)
-1 (89, 0)
40 (-1, -1)
9 (-1, -1)
30 (-1, -1)
-1 (20, 0)
29 (-1, -1)
-2 (50, 0)
7 (-1, -1)
36 (-1, -1)
-1 (99, 0)
32 (-1, -1)
-1 (89, 0)
37 (-1, -1)
40 (-1, -1)
6 (-1, -1)
36 (-1, -1)
-2 (80, 0)
-1 (99, 0)
42 (-1, -1)
-2 (72, 0)
-1 (89, 0)
42 (-1, -1)
-2 (7, 0)
8 (-1, -1)
40 (-1, -1)
6 (-1, -1)
36 (-1, -1)
-2 (80, 0)
-1 (99, 0)
42 (-1, -1)
-2 (80, 1)
-1 (89, 0)
42 (-1, -1)
-2 (7, 0)
13 (-1, -1)
13 (-1, -1)
