12 (-1, -1)
1 (-1, -1)
36 (-1, -1)
37 (-1, -1)
40 (-1, -1)
2 (-1, -1)
-1 (8, 0)
40 (-1, -1)
5 (-1, -1)
38 (-1, -1)
39 (-1, -1)
2 (-1, -1)
-1 (3, 0)
40 (-1, -1)
11 (-1, -1)
2 (-1, -1)
-1 (20, 0)
40 (-1, -1)
11 (-1, -1)
2 (-1, -1)
-1 (89, 0)
40 (-1, -1)
9 (-1, -1)
0 (-1, -1)
36 (-1, -1)
-1 (3, 0)
37 (-1, -1)
4 (-1, -1)
36 (-1, -1)
2 (-1, -1)
-1 (105, 0)
30 (-1, -1)
41 (-1, -1)
-1 (105, 0)
14 (-1, -1)
-1 (3, 0)
27 (-1, -1)
-2 (49, 0)
41 (-1, -1)
-1 (105, 0)
22 (-1, -1)
37 (-1, -1)
40 (-1, -1)
0 (-1, -1)
36 (-1, -1)
-1 (8, 0)
38 (-1, -1)
-1 (105, 0)
39 (-1, -1)
37 (-1, -1)
-1 (20, 0)
40 (-1, -1)
11 (-1, -1)
18 (-1, -1)
-1 (8, 0)
38 (-1, -1)
-1 (105, 0)
39 (-1, -1)
13 (-1, -1)
-1 (89, 0)
30 (-1, -1)
-1 (20, 0)
29 (-1, -1)
-1 (3, 0)
6 (-1, -1)
36 (-1, -1)
-2 (71, 0)
-1 (89, 0)
37 (-1, -1)
13 (-1, -1)
